{
  level: 'error',
  message: "Cannot read property 'findAll' of undefinedCannot read property 'findAll' of undefined",
  stack: "TypeError: Cannot read property 'findAll' of undefined\n" +
    '    at show_all_accounts (D:\\CarParking-BackEnd\\controllers\\accountController.js:9:35)\n' +
    '    at newFn (D:\\CarParking-BackEnd\\node_modules\\express-async-errors\\index.js:16:20)\n' +
    '    at Layer.handle [as handle_request] (D:\\CarParking-BackEnd\\node_modules\\express\\lib\\router\\layer.js:95:5)\n' +
    '    at next (D:\\CarParking-BackEnd\\node_modules\\express\\lib\\router\\route.js:137:13)\n' +
    '    at Route.dispatch (D:\\CarParking-BackEnd\\node_modules\\express\\lib\\router\\route.js:112:3)\n' +
    '    at newFn (D:\\CarParking-BackEnd\\node_modules\\express-async-errors\\index.js:16:20)\n' +
    '    at Layer.handle [as handle_request] (D:\\CarParking-BackEnd\\node_modules\\express\\lib\\router\\layer.js:95:5)\n' +
    '    at D:\\CarParking-BackEnd\\node_modules\\express\\lib\\router\\index.js:281:22\n' +
    '    at Function.process_params (D:\\CarParking-BackEnd\\node_modules\\express\\lib\\router\\index.js:335:12)\n' +
    '    at next (D:\\CarParking-BackEnd\\node_modules\\express\\lib\\router\\index.js:275:10)\n' +
    '    at Function.handle (D:\\CarParking-BackEnd\\node_modules\\express\\lib\\router\\index.js:174:3)\n' +
    '    at router (D:\\CarParking-BackEnd\\node_modules\\express\\lib\\router\\index.js:47:12)\n' +
    '    at newFn (D:\\CarParking-BackEnd\\node_modules\\express-async-errors\\index.js:16:20)\n' +
    '    at Layer.handle [as handle_request] (D:\\CarParking-BackEnd\\node_modules\\express\\lib\\router\\layer.js:95:5)\n' +
    '    at trim_prefix (D:\\CarParking-BackEnd\\node_modules\\express\\lib\\router\\index.js:317:13)\n' +
    '    at D:\\CarParking-BackEnd\\node_modules\\express\\lib\\router\\index.js:284:7\n' +
    '    at Function.process_params (D:\\CarParking-BackEnd\\node_modules\\express\\lib\\router\\index.js:335:12)\n' +
    '    at next (D:\\CarParking-BackEnd\\node_modules\\express\\lib\\router\\index.js:275:10)\n' +
    '    at D:\\CarParking-BackEnd\\startup\\routes.js:26:5\n' +
    '    at newFn (D:\\CarParking-BackEnd\\node_modules\\express-async-errors\\index.js:16:20)\n' +
    '    at Layer.handle [as handle_request] (D:\\CarParking-BackEnd\\node_modules\\express\\lib\\router\\layer.js:95:5)\n' +
    '    at trim_prefix (D:\\CarParking-BackEnd\\node_modules\\express\\lib\\router\\index.js:317:13)',
  timestamp: '2019-10-29T02:45:35.491Z'
}
{
  level: 'error',
  message: 'Account.findAll is not a functionAccount.findAll is not a function',
  stack: 'TypeError: Account.findAll is not a function\n' +
    '    at show_all_accounts (D:\\CarParking-BackEnd\\controllers\\accountController.js:9:34)\n' +
    '    at newFn (D:\\CarParking-BackEnd\\node_modules\\express-async-errors\\index.js:16:20)\n' +
    '    at Layer.handle [as handle_request] (D:\\CarParking-BackEnd\\node_modules\\express\\lib\\router\\layer.js:95:5)\n' +
    '    at next (D:\\CarParking-BackEnd\\node_modules\\express\\lib\\router\\route.js:137:13)\n' +
    '    at Route.dispatch (D:\\CarParking-BackEnd\\node_modules\\express\\lib\\router\\route.js:112:3)\n' +
    '    at newFn (D:\\CarParking-BackEnd\\node_modules\\express-async-errors\\index.js:16:20)\n' +
    '    at Layer.handle [as handle_request] (D:\\CarParking-BackEnd\\node_modules\\express\\lib\\router\\layer.js:95:5)\n' +
    '    at D:\\CarParking-BackEnd\\node_modules\\express\\lib\\router\\index.js:281:22\n' +
    '    at Function.process_params (D:\\CarParking-BackEnd\\node_modules\\express\\lib\\router\\index.js:335:12)\n' +
    '    at next (D:\\CarParking-BackEnd\\node_modules\\express\\lib\\router\\index.js:275:10)\n' +
    '    at Function.handle (D:\\CarParking-BackEnd\\node_modules\\express\\lib\\router\\index.js:174:3)\n' +
    '    at router (D:\\CarParking-BackEnd\\node_modules\\express\\lib\\router\\index.js:47:12)\n' +
    '    at newFn (D:\\CarParking-BackEnd\\node_modules\\express-async-errors\\index.js:16:20)\n' +
    '    at Layer.handle [as handle_request] (D:\\CarParking-BackEnd\\node_modules\\express\\lib\\router\\layer.js:95:5)\n' +
    '    at trim_prefix (D:\\CarParking-BackEnd\\node_modules\\express\\lib\\router\\index.js:317:13)\n' +
    '    at D:\\CarParking-BackEnd\\node_modules\\express\\lib\\router\\index.js:284:7\n' +
    '    at Function.process_params (D:\\CarParking-BackEnd\\node_modules\\express\\lib\\router\\index.js:335:12)\n' +
    '    at next (D:\\CarParking-BackEnd\\node_modules\\express\\lib\\router\\index.js:275:10)\n' +
    '    at D:\\CarParking-BackEnd\\startup\\routes.js:26:5\n' +
    '    at newFn (D:\\CarParking-BackEnd\\node_modules\\express-async-errors\\index.js:16:20)\n' +
    '    at Layer.handle [as handle_request] (D:\\CarParking-BackEnd\\node_modules\\express\\lib\\router\\layer.js:95:5)\n' +
    '    at trim_prefix (D:\\CarParking-BackEnd\\node_modules\\express\\lib\\router\\index.js:317:13)',
  timestamp: '2019-10-29T02:46:20.937Z'
}
{
  level: 'error',
  message: 'Account.findOne is not a functionAccount.findOne is not a function',
  stack: 'TypeError: Account.findOne is not a function\n' +
    '    at show_all_accounts (D:\\CarParking-BackEnd\\controllers\\accountController.js:9:34)\n' +
    '    at newFn (D:\\CarParking-BackEnd\\node_modules\\express-async-errors\\index.js:16:20)\n' +
    '    at Layer.handle [as handle_request] (D:\\CarParking-BackEnd\\node_modules\\express\\lib\\router\\layer.js:95:5)\n' +
    '    at next (D:\\CarParking-BackEnd\\node_modules\\express\\lib\\router\\route.js:137:13)\n' +
    '    at Route.dispatch (D:\\CarParking-BackEnd\\node_modules\\express\\lib\\router\\route.js:112:3)\n' +
    '    at newFn (D:\\CarParking-BackEnd\\node_modules\\express-async-errors\\index.js:16:20)\n' +
    '    at Layer.handle [as handle_request] (D:\\CarParking-BackEnd\\node_modules\\express\\lib\\router\\layer.js:95:5)\n' +
    '    at D:\\CarParking-BackEnd\\node_modules\\express\\lib\\router\\index.js:281:22\n' +
    '    at Function.process_params (D:\\CarParking-BackEnd\\node_modules\\express\\lib\\router\\index.js:335:12)\n' +
    '    at next (D:\\CarParking-BackEnd\\node_modules\\express\\lib\\router\\index.js:275:10)\n' +
    '    at Function.handle (D:\\CarParking-BackEnd\\node_modules\\express\\lib\\router\\index.js:174:3)\n' +
    '    at router (D:\\CarParking-BackEnd\\node_modules\\express\\lib\\router\\index.js:47:12)\n' +
    '    at newFn (D:\\CarParking-BackEnd\\node_modules\\express-async-errors\\index.js:16:20)\n' +
    '    at Layer.handle [as handle_request] (D:\\CarParking-BackEnd\\node_modules\\express\\lib\\router\\layer.js:95:5)\n' +
    '    at trim_prefix (D:\\CarParking-BackEnd\\node_modules\\express\\lib\\router\\index.js:317:13)\n' +
    '    at D:\\CarParking-BackEnd\\node_modules\\express\\lib\\router\\index.js:284:7\n' +
    '    at Function.process_params (D:\\CarParking-BackEnd\\node_modules\\express\\lib\\router\\index.js:335:12)\n' +
    '    at next (D:\\CarParking-BackEnd\\node_modules\\express\\lib\\router\\index.js:275:10)\n' +
    '    at D:\\CarParking-BackEnd\\startup\\routes.js:26:5\n' +
    '    at newFn (D:\\CarParking-BackEnd\\node_modules\\express-async-errors\\index.js:16:20)\n' +
    '    at Layer.handle [as handle_request] (D:\\CarParking-BackEnd\\node_modules\\express\\lib\\router\\layer.js:95:5)\n' +
    '    at trim_prefix (D:\\CarParking-BackEnd\\node_modules\\express\\lib\\router\\index.js:317:13)',
  timestamp: '2019-10-29T02:49:35.307Z'
}
{
  message: 'applyFake is not defined',
  level: 'error',
  timestamp: '2019-10-29T03:15:25.046Z'
}
{
  message: 'applyFake is not defined',
  level: 'error',
  timestamp: '2019-10-29T03:19:24.180Z'
}
{
  name: 'SequelizeDatabaseError',
  parent: Error: Unknown column 'account.id' in 'where clause'
      at Packet.asError (D:\CarParking-BackEnd\node_modules\mysql2\lib\packets\packet.js:712:17)
      at Query.execute (D:\CarParking-BackEnd\node_modules\mysql2\lib\commands\command.js:28:26)
      at Connection.handlePacket (D:\CarParking-BackEnd\node_modules\mysql2\lib\connection.js:408:32)
      at PacketParser.onPacket (D:\CarParking-BackEnd\node_modules\mysql2\lib\connection.js:70:12)
      at PacketParser.executeStart (D:\CarParking-BackEnd\node_modules\mysql2\lib\packet_parser.js:75:16)
      at Socket.<anonymous> (D:\CarParking-BackEnd\node_modules\mysql2\lib\connection.js:77:25)
      at Socket.emit (events.js:209:13)
      at addChunk (_stream_readable.js:305:12)
      at readableAddChunk (_stream_readable.js:286:11)
      at Socket.Readable.push (_stream_readable.js:220:10)
      at TCP.onStreamRead (internal/stream_base_commons.js:182:23) {
    code: 'ER_BAD_FIELD_ERROR',
    errno: 1054,
    sqlState: '42S22',
    sqlMessage: "Unknown column 'account.id' in 'where clause'",
    sql: 'SELECT `account_id`, `username`, `password`, `status` FROM `accounts` AS `account` WHERE `account`.`id` = 1 LIMIT 1;',
    parameters: undefined
  },
  original: Error: Unknown column 'account.id' in 'where clause'
      at Packet.asError (D:\CarParking-BackEnd\node_modules\mysql2\lib\packets\packet.js:712:17)
      at Query.execute (D:\CarParking-BackEnd\node_modules\mysql2\lib\commands\command.js:28:26)
      at Connection.handlePacket (D:\CarParking-BackEnd\node_modules\mysql2\lib\connection.js:408:32)
      at PacketParser.onPacket (D:\CarParking-BackEnd\node_modules\mysql2\lib\connection.js:70:12)
      at PacketParser.executeStart (D:\CarParking-BackEnd\node_modules\mysql2\lib\packet_parser.js:75:16)
      at Socket.<anonymous> (D:\CarParking-BackEnd\node_modules\mysql2\lib\connection.js:77:25)
      at Socket.emit (events.js:209:13)
      at addChunk (_stream_readable.js:305:12)
      at readableAddChunk (_stream_readable.js:286:11)
      at Socket.Readable.push (_stream_readable.js:220:10)
      at TCP.onStreamRead (internal/stream_base_commons.js:182:23) {
    code: 'ER_BAD_FIELD_ERROR',
    errno: 1054,
    sqlState: '42S22',
    sqlMessage: "Unknown column 'account.id' in 'where clause'",
    sql: 'SELECT `account_id`, `username`, `password`, `status` FROM `accounts` AS `account` WHERE `account`.`id` = 1 LIMIT 1;',
    parameters: undefined
  },
  sql: 'SELECT `account_id`, `username`, `password`, `status` FROM `accounts` AS `account` WHERE `account`.`id` = 1 LIMIT 1;',
  parameters: undefined,
  level: 'error',
  message: "Unknown column 'account.id' in 'where clause'Unknown column 'account.id' in 'where clause'",
  stack: "SequelizeDatabaseError: Unknown column 'account.id' in 'where clause'\n" +
    '    at Query.formatError (D:\\CarParking-BackEnd\\node_modules\\sequelize\\lib\\dialects\\mysql\\query.js:244:16)\n' +
    '    at Query.handler [as onResult] (D:\\CarParking-BackEnd\\node_modules\\sequelize\\lib\\dialects\\mysql\\query.js:51:23)\n' +
    '    at Query.execute (D:\\CarParking-BackEnd\\node_modules\\mysql2\\lib\\commands\\command.js:30:14)\n' +
    '    at Connection.handlePacket (D:\\CarParking-BackEnd\\node_modules\\mysql2\\lib\\connection.js:408:32)\n' +
    '    at PacketParser.onPacket (D:\\CarParking-BackEnd\\node_modules\\mysql2\\lib\\connection.js:70:12)\n' +
    '    at PacketParser.executeStart (D:\\CarParking-BackEnd\\node_modules\\mysql2\\lib\\packet_parser.js:75:16)\n' +
    '    at Socket.<anonymous> (D:\\CarParking-BackEnd\\node_modules\\mysql2\\lib\\connection.js:77:25)\n' +
    '    at Socket.emit (events.js:209:13)\n' +
    '    at addChunk (_stream_readable.js:305:12)\n' +
    '    at readableAddChunk (_stream_readable.js:286:11)\n' +
    '    at Socket.Readable.push (_stream_readable.js:220:10)\n' +
    '    at TCP.onStreamRead (internal/stream_base_commons.js:182:23)',
  timestamp: '2019-10-29T03:24:11.282Z'
}
{
  name: 'SequelizeDatabaseError',
  parent: Error: Unknown column 'account.id' in 'where clause'
      at Packet.asError (D:\CarParking-BackEnd\node_modules\mysql2\lib\packets\packet.js:712:17)
      at Query.execute (D:\CarParking-BackEnd\node_modules\mysql2\lib\commands\command.js:28:26)
      at Connection.handlePacket (D:\CarParking-BackEnd\node_modules\mysql2\lib\connection.js:408:32)
      at PacketParser.onPacket (D:\CarParking-BackEnd\node_modules\mysql2\lib\connection.js:70:12)
      at PacketParser.executeStart (D:\CarParking-BackEnd\node_modules\mysql2\lib\packet_parser.js:75:16)
      at Socket.<anonymous> (D:\CarParking-BackEnd\node_modules\mysql2\lib\connection.js:77:25)
      at Socket.emit (events.js:209:13)
      at addChunk (_stream_readable.js:305:12)
      at readableAddChunk (_stream_readable.js:286:11)
      at Socket.Readable.push (_stream_readable.js:220:10)
      at TCP.onStreamRead (internal/stream_base_commons.js:182:23) {
    code: 'ER_BAD_FIELD_ERROR',
    errno: 1054,
    sqlState: '42S22',
    sqlMessage: "Unknown column 'account.id' in 'where clause'",
    sql: 'SELECT `account_id`, `username`, `password`, `status` FROM `accounts` AS `account` WHERE `account`.`id` = 1 LIMIT 1;',
    parameters: undefined
  },
  original: Error: Unknown column 'account.id' in 'where clause'
      at Packet.asError (D:\CarParking-BackEnd\node_modules\mysql2\lib\packets\packet.js:712:17)
      at Query.execute (D:\CarParking-BackEnd\node_modules\mysql2\lib\commands\command.js:28:26)
      at Connection.handlePacket (D:\CarParking-BackEnd\node_modules\mysql2\lib\connection.js:408:32)
      at PacketParser.onPacket (D:\CarParking-BackEnd\node_modules\mysql2\lib\connection.js:70:12)
      at PacketParser.executeStart (D:\CarParking-BackEnd\node_modules\mysql2\lib\packet_parser.js:75:16)
      at Socket.<anonymous> (D:\CarParking-BackEnd\node_modules\mysql2\lib\connection.js:77:25)
      at Socket.emit (events.js:209:13)
      at addChunk (_stream_readable.js:305:12)
      at readableAddChunk (_stream_readable.js:286:11)
      at Socket.Readable.push (_stream_readable.js:220:10)
      at TCP.onStreamRead (internal/stream_base_commons.js:182:23) {
    code: 'ER_BAD_FIELD_ERROR',
    errno: 1054,
    sqlState: '42S22',
    sqlMessage: "Unknown column 'account.id' in 'where clause'",
    sql: 'SELECT `account_id`, `username`, `password`, `status` FROM `accounts` AS `account` WHERE `account`.`id` = 1 LIMIT 1;',
    parameters: undefined
  },
  sql: 'SELECT `account_id`, `username`, `password`, `status` FROM `accounts` AS `account` WHERE `account`.`id` = 1 LIMIT 1;',
  parameters: undefined,
  level: 'error',
  message: "Unknown column 'account.id' in 'where clause'Unknown column 'account.id' in 'where clause'",
  stack: "SequelizeDatabaseError: Unknown column 'account.id' in 'where clause'\n" +
    '    at Query.formatError (D:\\CarParking-BackEnd\\node_modules\\sequelize\\lib\\dialects\\mysql\\query.js:244:16)\n' +
    '    at Query.handler [as onResult] (D:\\CarParking-BackEnd\\node_modules\\sequelize\\lib\\dialects\\mysql\\query.js:51:23)\n' +
    '    at Query.execute (D:\\CarParking-BackEnd\\node_modules\\mysql2\\lib\\commands\\command.js:30:14)\n' +
    '    at Connection.handlePacket (D:\\CarParking-BackEnd\\node_modules\\mysql2\\lib\\connection.js:408:32)\n' +
    '    at PacketParser.onPacket (D:\\CarParking-BackEnd\\node_modules\\mysql2\\lib\\connection.js:70:12)\n' +
    '    at PacketParser.executeStart (D:\\CarParking-BackEnd\\node_modules\\mysql2\\lib\\packet_parser.js:75:16)\n' +
    '    at Socket.<anonymous> (D:\\CarParking-BackEnd\\node_modules\\mysql2\\lib\\connection.js:77:25)\n' +
    '    at Socket.emit (events.js:209:13)\n' +
    '    at addChunk (_stream_readable.js:305:12)\n' +
    '    at readableAddChunk (_stream_readable.js:286:11)\n' +
    '    at Socket.Readable.push (_stream_readable.js:220:10)\n' +
    '    at TCP.onStreamRead (internal/stream_base_commons.js:182:23)',
  timestamp: '2019-10-29T03:24:36.192Z'
}
{
  name: 'SequelizeDatabaseError',
  parent: Error: Unknown column 'account.id' in 'where clause'
      at Packet.asError (D:\CarParking-BackEnd\node_modules\mysql2\lib\packets\packet.js:712:17)
      at Query.execute (D:\CarParking-BackEnd\node_modules\mysql2\lib\commands\command.js:28:26)
      at Connection.handlePacket (D:\CarParking-BackEnd\node_modules\mysql2\lib\connection.js:408:32)
      at PacketParser.onPacket (D:\CarParking-BackEnd\node_modules\mysql2\lib\connection.js:70:12)
      at PacketParser.executeStart (D:\CarParking-BackEnd\node_modules\mysql2\lib\packet_parser.js:75:16)
      at Socket.<anonymous> (D:\CarParking-BackEnd\node_modules\mysql2\lib\connection.js:77:25)
      at Socket.emit (events.js:209:13)
      at addChunk (_stream_readable.js:305:12)
      at readableAddChunk (_stream_readable.js:286:11)
      at Socket.Readable.push (_stream_readable.js:220:10)
      at TCP.onStreamRead (internal/stream_base_commons.js:182:23) {
    code: 'ER_BAD_FIELD_ERROR',
    errno: 1054,
    sqlState: '42S22',
    sqlMessage: "Unknown column 'account.id' in 'where clause'",
    sql: 'SELECT `account_id`, `username`, `password`, `status` FROM `accounts` AS `account` WHERE `account`.`id` = 1 LIMIT 1;',
    parameters: undefined
  },
  original: Error: Unknown column 'account.id' in 'where clause'
      at Packet.asError (D:\CarParking-BackEnd\node_modules\mysql2\lib\packets\packet.js:712:17)
      at Query.execute (D:\CarParking-BackEnd\node_modules\mysql2\lib\commands\command.js:28:26)
      at Connection.handlePacket (D:\CarParking-BackEnd\node_modules\mysql2\lib\connection.js:408:32)
      at PacketParser.onPacket (D:\CarParking-BackEnd\node_modules\mysql2\lib\connection.js:70:12)
      at PacketParser.executeStart (D:\CarParking-BackEnd\node_modules\mysql2\lib\packet_parser.js:75:16)
      at Socket.<anonymous> (D:\CarParking-BackEnd\node_modules\mysql2\lib\connection.js:77:25)
      at Socket.emit (events.js:209:13)
      at addChunk (_stream_readable.js:305:12)
      at readableAddChunk (_stream_readable.js:286:11)
      at Socket.Readable.push (_stream_readable.js:220:10)
      at TCP.onStreamRead (internal/stream_base_commons.js:182:23) {
    code: 'ER_BAD_FIELD_ERROR',
    errno: 1054,
    sqlState: '42S22',
    sqlMessage: "Unknown column 'account.id' in 'where clause'",
    sql: 'SELECT `account_id`, `username`, `password`, `status` FROM `accounts` AS `account` WHERE `account`.`id` = 1 LIMIT 1;',
    parameters: undefined
  },
  sql: 'SELECT `account_id`, `username`, `password`, `status` FROM `accounts` AS `account` WHERE `account`.`id` = 1 LIMIT 1;',
  parameters: undefined,
  level: 'error',
  message: "Unknown column 'account.id' in 'where clause'Unknown column 'account.id' in 'where clause'",
  stack: "SequelizeDatabaseError: Unknown column 'account.id' in 'where clause'\n" +
    '    at Query.formatError (D:\\CarParking-BackEnd\\node_modules\\sequelize\\lib\\dialects\\mysql\\query.js:244:16)\n' +
    '    at Query.handler [as onResult] (D:\\CarParking-BackEnd\\node_modules\\sequelize\\lib\\dialects\\mysql\\query.js:51:23)\n' +
    '    at Query.execute (D:\\CarParking-BackEnd\\node_modules\\mysql2\\lib\\commands\\command.js:30:14)\n' +
    '    at Connection.handlePacket (D:\\CarParking-BackEnd\\node_modules\\mysql2\\lib\\connection.js:408:32)\n' +
    '    at PacketParser.onPacket (D:\\CarParking-BackEnd\\node_modules\\mysql2\\lib\\connection.js:70:12)\n' +
    '    at PacketParser.executeStart (D:\\CarParking-BackEnd\\node_modules\\mysql2\\lib\\packet_parser.js:75:16)\n' +
    '    at Socket.<anonymous> (D:\\CarParking-BackEnd\\node_modules\\mysql2\\lib\\connection.js:77:25)\n' +
    '    at Socket.emit (events.js:209:13)\n' +
    '    at addChunk (_stream_readable.js:305:12)\n' +
    '    at readableAddChunk (_stream_readable.js:286:11)\n' +
    '    at Socket.Readable.push (_stream_readable.js:220:10)\n' +
    '    at TCP.onStreamRead (internal/stream_base_commons.js:182:23)',
  timestamp: '2019-10-29T03:25:14.167Z'
}
{
  name: 'SequelizeDatabaseError',
  parent: Error: Unknown column 'account.id' in 'where clause'
      at Packet.asError (D:\CarParking-BackEnd\node_modules\mysql2\lib\packets\packet.js:712:17)
      at Query.execute (D:\CarParking-BackEnd\node_modules\mysql2\lib\commands\command.js:28:26)
      at Connection.handlePacket (D:\CarParking-BackEnd\node_modules\mysql2\lib\connection.js:408:32)
      at PacketParser.onPacket (D:\CarParking-BackEnd\node_modules\mysql2\lib\connection.js:70:12)
      at PacketParser.executeStart (D:\CarParking-BackEnd\node_modules\mysql2\lib\packet_parser.js:75:16)
      at Socket.<anonymous> (D:\CarParking-BackEnd\node_modules\mysql2\lib\connection.js:77:25)
      at Socket.emit (events.js:209:13)
      at addChunk (_stream_readable.js:305:12)
      at readableAddChunk (_stream_readable.js:286:11)
      at Socket.Readable.push (_stream_readable.js:220:10)
      at TCP.onStreamRead (internal/stream_base_commons.js:182:23) {
    code: 'ER_BAD_FIELD_ERROR',
    errno: 1054,
    sqlState: '42S22',
    sqlMessage: "Unknown column 'account.id' in 'where clause'",
    sql: 'SELECT `account_id`, `username`, `password`, `status` FROM `accounts` AS `account` WHERE `account`.`id` = 1 LIMIT 1;',
    parameters: undefined
  },
  original: Error: Unknown column 'account.id' in 'where clause'
      at Packet.asError (D:\CarParking-BackEnd\node_modules\mysql2\lib\packets\packet.js:712:17)
      at Query.execute (D:\CarParking-BackEnd\node_modules\mysql2\lib\commands\command.js:28:26)
      at Connection.handlePacket (D:\CarParking-BackEnd\node_modules\mysql2\lib\connection.js:408:32)
      at PacketParser.onPacket (D:\CarParking-BackEnd\node_modules\mysql2\lib\connection.js:70:12)
      at PacketParser.executeStart (D:\CarParking-BackEnd\node_modules\mysql2\lib\packet_parser.js:75:16)
      at Socket.<anonymous> (D:\CarParking-BackEnd\node_modules\mysql2\lib\connection.js:77:25)
      at Socket.emit (events.js:209:13)
      at addChunk (_stream_readable.js:305:12)
      at readableAddChunk (_stream_readable.js:286:11)
      at Socket.Readable.push (_stream_readable.js:220:10)
      at TCP.onStreamRead (internal/stream_base_commons.js:182:23) {
    code: 'ER_BAD_FIELD_ERROR',
    errno: 1054,
    sqlState: '42S22',
    sqlMessage: "Unknown column 'account.id' in 'where clause'",
    sql: 'SELECT `account_id`, `username`, `password`, `status` FROM `accounts` AS `account` WHERE `account`.`id` = 1 LIMIT 1;',
    parameters: undefined
  },
  sql: 'SELECT `account_id`, `username`, `password`, `status` FROM `accounts` AS `account` WHERE `account`.`id` = 1 LIMIT 1;',
  parameters: undefined,
  level: 'error',
  message: "Unknown column 'account.id' in 'where clause'Unknown column 'account.id' in 'where clause'",
  stack: "SequelizeDatabaseError: Unknown column 'account.id' in 'where clause'\n" +
    '    at Query.formatError (D:\\CarParking-BackEnd\\node_modules\\sequelize\\lib\\dialects\\mysql\\query.js:244:16)\n' +
    '    at Query.handler [as onResult] (D:\\CarParking-BackEnd\\node_modules\\sequelize\\lib\\dialects\\mysql\\query.js:51:23)\n' +
    '    at Query.execute (D:\\CarParking-BackEnd\\node_modules\\mysql2\\lib\\commands\\command.js:30:14)\n' +
    '    at Connection.handlePacket (D:\\CarParking-BackEnd\\node_modules\\mysql2\\lib\\connection.js:408:32)\n' +
    '    at PacketParser.onPacket (D:\\CarParking-BackEnd\\node_modules\\mysql2\\lib\\connection.js:70:12)\n' +
    '    at PacketParser.executeStart (D:\\CarParking-BackEnd\\node_modules\\mysql2\\lib\\packet_parser.js:75:16)\n' +
    '    at Socket.<anonymous> (D:\\CarParking-BackEnd\\node_modules\\mysql2\\lib\\connection.js:77:25)\n' +
    '    at Socket.emit (events.js:209:13)\n' +
    '    at addChunk (_stream_readable.js:305:12)\n' +
    '    at readableAddChunk (_stream_readable.js:286:11)\n' +
    '    at Socket.Readable.push (_stream_readable.js:220:10)\n' +
    '    at TCP.onStreamRead (internal/stream_base_commons.js:182:23)',
  timestamp: '2019-10-29T03:26:00.641Z'
}
{
  message: 'Cannot delete or update a parent row: a foreign key constraint fails',
  level: 'error',
  timestamp: '2019-10-29T04:28:39.288Z'
}
{
  message: 'Cannot delete or update a parent row: a foreign key constraint fails',
  level: 'error',
  timestamp: '2019-10-29T04:28:53.991Z'
}
{
  message: 'Cannot delete or update a parent row: a foreign key constraint fails',
  level: 'error',
  timestamp: '2019-10-29T04:29:07.997Z'
}
{
  message: 'Cannot delete or update a parent row: a foreign key constraint fails',
  level: 'error',
  timestamp: '2019-10-29T04:29:11.030Z'
}
{
  message: 'Cannot delete or update a parent row: a foreign key constraint fails',
  level: 'error',
  timestamp: '2019-10-29T04:29:37.740Z'
}
{
  message: 'Cannot delete or update a parent row: a foreign key constraint fails',
  level: 'error',
  timestamp: '2019-10-29T04:29:59.664Z'
}
{
  message: 'Cannot delete or update a parent row: a foreign key constraint fails',
  level: 'error',
  timestamp: '2019-10-29T04:32:14.543Z'
}
{
  message: 'Cannot delete or update a parent row: a foreign key constraint fails',
  level: 'error',
  timestamp: '2019-10-29T04:32:21.060Z'
}
{
  message: 'Cannot delete or update a parent row: a foreign key constraint fails',
  level: 'error',
  timestamp: '2019-10-29T04:32:35.765Z'
}
{
  message: 'Cannot delete or update a parent row: a foreign key constraint fails',
  level: 'error',
  timestamp: '2019-10-29T04:32:51.878Z'
}
{
  message: 'Cannot delete or update a parent row: a foreign key constraint fails',
  level: 'error',
  timestamp: '2019-10-29T04:32:53.162Z'
}
{
  message: 'Cannot delete or update a parent row: a foreign key constraint fails',
  level: 'error',
  timestamp: '2019-10-29T04:33:20.264Z'
}
{
  message: 'Cannot delete or update a parent row: a foreign key constraint fails',
  level: 'error',
  timestamp: '2019-10-29T04:34:03.976Z'
}
{
  message: 'Cannot delete or update a parent row: a foreign key constraint fails',
  level: 'error',
  timestamp: '2019-10-29T04:35:37.963Z'
}
{
  message: 'Cannot delete or update a parent row: a foreign key constraint fails',
  level: 'error',
  timestamp: '2019-10-29T04:36:12.241Z'
}
{
  message: 'Cannot delete or update a parent row: a foreign key constraint fails',
  level: 'error',
  timestamp: '2019-10-29T04:36:23.984Z'
}
{
  message: 'yard is not defined',
  level: 'error',
  timestamp: '2019-10-29T07:27:32.876Z'
}
{
  message: 'notNull Violation: yard.acreage cannot be null,\n' +
    'notNull Violation: yard.status cannot be null,\n' +
    'notNull Violation: yard.logitude cannot be null',
  level: 'error',
  timestamp: '2019-10-29T07:28:42.733Z'
}
{
  message: 'notNull Violation: yard.acreage cannot be null,\n' +
    'notNull Violation: yard.status cannot be null,\n' +
    'notNull Violation: yard.logitude cannot be null',
  level: 'error',
  timestamp: '2019-10-29T07:29:24.815Z'
}
{
  message: 'notNull Violation: yard.acreage cannot be null,\n' +
    'notNull Violation: yard.status cannot be null,\n' +
    'notNull Violation: yard.logitude cannot be null',
  level: 'error',
  timestamp: '2019-10-29T07:32:01.517Z'
}
{
  message: 'notNull Violation: yard.acreage cannot be null,\n' +
    'notNull Violation: yard.logitude cannot be null',
  level: 'error',
  timestamp: '2019-10-29T07:32:55.596Z'
}
{
  message: 'notNull Violation: yard.acreage cannot be null,\n' +
    'notNull Violation: yard.status cannot be null,\n' +
    'notNull Violation: yard.logitude cannot be null',
  level: 'error',
  timestamp: '2019-10-29T07:34:00.417Z'
}
{
  message: 'notNull Violation: account.status cannot be null',
  level: 'error',
  timestamp: '2019-10-29T07:34:11.999Z'
}
{
  message: 'notNull Violation: account.status cannot be null',
  level: 'error',
  timestamp: '2019-10-29T07:34:23.104Z'
}
{
  message: 'notNull Violation: account.status cannot be null',
  level: 'error',
  timestamp: '2019-10-29T07:34:44.452Z'
}
{
  message: 'notNull Violation: account.status cannot be null',
  level: 'error',
  timestamp: '2019-10-29T07:34:46.085Z'
}
{
  message: 'notNull Violation: account.status cannot be null',
  level: 'error',
  timestamp: '2019-10-29T07:35:42.155Z'
}
{
  message: 'notNull Violation: account.status cannot be null',
  level: 'error',
  timestamp: '2019-10-29T07:36:18.334Z'
}
{
  message: 'notNull Violation: account.status cannot be null',
  level: 'error',
  timestamp: '2019-10-29T07:36:29.418Z'
}
{
  message: 'notNull Violation: account.status cannot be null',
  level: 'error',
  timestamp: '2019-10-29T07:36:39.899Z'
}
{
  message: 'notNull Violation: account.status cannot be null',
  level: 'error',
  timestamp: '2019-10-29T07:36:52.491Z'
}
{
  message: 'Cannot add or update a child row: a foreign key constraint fails (`carparkingdb2`.`cars`, CONSTRAINT `cars_ibfk_1` FOREIGN KEY (`accountId`) REFERENCES `accounts` (`id`) ON DELETE SET NULL ON UPDATE CASCADE)',
  level: 'error',
  timestamp: '2019-10-29T07:37:23.756Z'
}
{
  message: 'Cannot add or update a child row: a foreign key constraint fails (`carparkingdb2`.`cars`, CONSTRAINT `cars_ibfk_1` FOREIGN KEY (`accountId`) REFERENCES `accounts` (`id`) ON DELETE SET NULL ON UPDATE CASCADE)',
  level: 'error',
  timestamp: '2019-10-29T07:37:29.782Z'
}
{
  message: 'notNull Violation: account.status cannot be null',
  level: 'error',
  timestamp: '2019-10-29T07:38:09.920Z'
}
{
  message: 'notNull Violation: account.status cannot be null',
  level: 'error',
  timestamp: '2019-10-29T07:38:44.184Z'
}
{
  message: 'notNull Violation: account.status cannot be null',
  level: 'error',
  timestamp: '2019-10-29T07:39:09.020Z'
}
{
  message: 'notNull Violation: account.status cannot be null',
  level: 'error',
  timestamp: '2019-10-29T07:39:39.076Z'
}
{
  message: 'notNull Violation: account.status cannot be null',
  level: 'error',
  timestamp: '2019-10-29T07:39:42.881Z'
}
{
  message: 'notNull Violation: yard.acreage cannot be null,\n' +
    'notNull Violation: yard.logitude cannot be null',
  level: 'error',
  timestamp: '2019-10-29T07:41:11.000Z'
}
{
  message: 'notNull Violation: yard.acreage cannot be null,\n' +
    'notNull Violation: yard.logitude cannot be null',
  level: 'error',
  timestamp: '2019-10-29T07:41:46.404Z'
}
{
  message: 'notNull Violation: yard.acreage cannot be null,\n' +
    'notNull Violation: yard.logitude cannot be null',
  level: 'error',
  timestamp: '2019-10-29T07:42:20.884Z'
}
{
  message: 'notNull Violation: yard.logitude cannot be null',
  level: 'error',
  timestamp: '2019-10-29T07:43:00.752Z'
}
{
  level: 'error',
  message: 'Invalid value yardInvalid value yard',
  stack: 'Error: Invalid value yard\n' +
    '    at Object.escape (D:\\CarParking-BackEnd\\node_modules\\sequelize\\lib\\sql-string.js:65:11)\n' +
    '    at MySQLQueryGenerator.escape (D:\\CarParking-BackEnd\\node_modules\\sequelize\\lib\\dialects\\abstract\\query-generator.js:986:22)\n' +
    '    at MySQLQueryGenerator.whereItemQuery (D:\\CarParking-BackEnd\\node_modules\\sequelize\\lib\\dialects\\abstract\\query-generator.js:2282:102)\n' +
    '    at D:\\CarParking-BackEnd\\node_modules\\sequelize\\lib\\dialects\\abstract\\query-generator.js:2173:25\n' +
    '    at Array.forEach (<anonymous>)\n' +
    '    at MySQLQueryGenerator.whereItemsQuery (D:\\CarParking-BackEnd\\node_modules\\sequelize\\lib\\dialects\\abstract\\query-generator.js:2171:35)\n' +
    '    at MySQLQueryGenerator.getWhereConditions (D:\\CarParking-BackEnd\\node_modules\\sequelize\\lib\\dialects\\abstract\\query-generator.js:2583:19)\n' +
    '    at MySQLQueryGenerator.selectQuery (D:\\CarParking-BackEnd\\node_modules\\sequelize\\lib\\dialects\\abstract\\query-generator.js:1315:28)\n' +
    '    at QueryInterface.select (D:\\CarParking-BackEnd\\node_modules\\sequelize\\lib\\query-interface.js:1122:27)\n' +
    '    at D:\\CarParking-BackEnd\\node_modules\\sequelize\\lib\\model.js:1757:34\n' +
    '    at tryCatcher (D:\\CarParking-BackEnd\\node_modules\\bluebird\\js\\release\\util.js:16:23)\n' +
    '    at Promise._settlePromiseFromHandler (D:\\CarParking-BackEnd\\node_modules\\bluebird\\js\\release\\promise.js:547:31)\n' +
    '    at Promise._settlePromise (D:\\CarParking-BackEnd\\node_modules\\bluebird\\js\\release\\promise.js:604:18)\n' +
    '    at Promise._settlePromise0 (D:\\CarParking-BackEnd\\node_modules\\bluebird\\js\\release\\promise.js:649:10)\n' +
    '    at Promise._settlePromises (D:\\CarParking-BackEnd\\node_modules\\bluebird\\js\\release\\promise.js:729:18)\n' +
    '    at _drainQueueStep (D:\\CarParking-BackEnd\\node_modules\\bluebird\\js\\release\\async.js:93:12)\n' +
    '    at _drainQueue (D:\\CarParking-BackEnd\\node_modules\\bluebird\\js\\release\\async.js:86:9)\n' +
    '    at Async._drainQueues (D:\\CarParking-BackEnd\\node_modules\\bluebird\\js\\release\\async.js:102:5)\n' +
    '    at Immediate.Async.drainQueues [as _onImmediate] (D:\\CarParking-BackEnd\\node_modules\\bluebird\\js\\release\\async.js:15:14)\n' +
    '    at processImmediate (internal/timers.js:439:21)',
  timestamp: '2019-10-29T08:24:29.752Z'
}
{
  name: 'SequelizeEagerLoadingError',
  level: 'error',
  message: 'account_role is not associated to account!account_role is not associated to account!',
  stack: 'SequelizeEagerLoadingError: account_role is not associated to account!\n' +
    '    at Function._getIncludedAssociation (D:\\CarParking-BackEnd\\node_modules\\sequelize\\lib\\model.js:715:13)\n' +
    '    at Function._validateIncludedElement (D:\\CarParking-BackEnd\\node_modules\\sequelize\\lib\\model.js:619:53)\n' +
    '    at D:\\CarParking-BackEnd\\node_modules\\sequelize\\lib\\model.js:516:37\n' +
    '    at Array.map (<anonymous>)\n' +
    '    at Function._validateIncludedElements (D:\\CarParking-BackEnd\\node_modules\\sequelize\\lib\\model.js:511:39)\n' +
    '    at D:\\CarParking-BackEnd\\node_modules\\sequelize\\lib\\model.js:1726:14\n' +
    '    at tryCatcher (D:\\CarParking-BackEnd\\node_modules\\bluebird\\js\\release\\util.js:16:23)\n' +
    '    at Promise._settlePromiseFromHandler (D:\\CarParking-BackEnd\\node_modules\\bluebird\\js\\release\\promise.js:547:31)\n' +
    '    at Promise._settlePromise (D:\\CarParking-BackEnd\\node_modules\\bluebird\\js\\release\\promise.js:604:18)\n' +
    '    at Promise._settlePromise0 (D:\\CarParking-BackEnd\\node_modules\\bluebird\\js\\release\\promise.js:649:10)\n' +
    '    at Promise._settlePromises (D:\\CarParking-BackEnd\\node_modules\\bluebird\\js\\release\\promise.js:729:18)\n' +
    '    at _drainQueueStep (D:\\CarParking-BackEnd\\node_modules\\bluebird\\js\\release\\async.js:93:12)\n' +
    '    at _drainQueue (D:\\CarParking-BackEnd\\node_modules\\bluebird\\js\\release\\async.js:86:9)\n' +
    '    at Async._drainQueues (D:\\CarParking-BackEnd\\node_modules\\bluebird\\js\\release\\async.js:102:5)\n' +
    '    at Immediate.Async.drainQueues [as _onImmediate] (D:\\CarParking-BackEnd\\node_modules\\bluebird\\js\\release\\async.js:15:14)\n' +
    '    at processImmediate (internal/timers.js:439:21)',
  timestamp: '2019-10-29T08:29:00.036Z'
}
{
  name: 'SequelizeEagerLoadingError',
  level: 'error',
  message: 'account_role is not associated to account!account_role is not associated to account!',
  stack: 'SequelizeEagerLoadingError: account_role is not associated to account!\n' +
    '    at Function._getIncludedAssociation (D:\\CarParking-BackEnd\\node_modules\\sequelize\\lib\\model.js:715:13)\n' +
    '    at Function._validateIncludedElement (D:\\CarParking-BackEnd\\node_modules\\sequelize\\lib\\model.js:619:53)\n' +
    '    at D:\\CarParking-BackEnd\\node_modules\\sequelize\\lib\\model.js:516:37\n' +
    '    at Array.map (<anonymous>)\n' +
    '    at Function._validateIncludedElements (D:\\CarParking-BackEnd\\node_modules\\sequelize\\lib\\model.js:511:39)\n' +
    '    at D:\\CarParking-BackEnd\\node_modules\\sequelize\\lib\\model.js:1726:14\n' +
    '    at tryCatcher (D:\\CarParking-BackEnd\\node_modules\\bluebird\\js\\release\\util.js:16:23)\n' +
    '    at Promise._settlePromiseFromHandler (D:\\CarParking-BackEnd\\node_modules\\bluebird\\js\\release\\promise.js:547:31)\n' +
    '    at Promise._settlePromise (D:\\CarParking-BackEnd\\node_modules\\bluebird\\js\\release\\promise.js:604:18)\n' +
    '    at Promise._settlePromise0 (D:\\CarParking-BackEnd\\node_modules\\bluebird\\js\\release\\promise.js:649:10)\n' +
    '    at Promise._settlePromises (D:\\CarParking-BackEnd\\node_modules\\bluebird\\js\\release\\promise.js:729:18)\n' +
    '    at _drainQueueStep (D:\\CarParking-BackEnd\\node_modules\\bluebird\\js\\release\\async.js:93:12)\n' +
    '    at _drainQueue (D:\\CarParking-BackEnd\\node_modules\\bluebird\\js\\release\\async.js:86:9)\n' +
    '    at Async._drainQueues (D:\\CarParking-BackEnd\\node_modules\\bluebird\\js\\release\\async.js:102:5)\n' +
    '    at Immediate.Async.drainQueues [as _onImmediate] (D:\\CarParking-BackEnd\\node_modules\\bluebird\\js\\release\\async.js:15:14)\n' +
    '    at processImmediate (internal/timers.js:439:21)',
  timestamp: '2019-10-29T08:29:38.229Z'
}
{
  name: 'SequelizeEagerLoadingError',
  level: 'error',
  message: 'account_role is not associated to account!account_role is not associated to account!',
  stack: 'SequelizeEagerLoadingError: account_role is not associated to account!\n' +
    '    at Function._getIncludedAssociation (D:\\CarParking-BackEnd\\node_modules\\sequelize\\lib\\model.js:715:13)\n' +
    '    at Function._validateIncludedElement (D:\\CarParking-BackEnd\\node_modules\\sequelize\\lib\\model.js:619:53)\n' +
    '    at D:\\CarParking-BackEnd\\node_modules\\sequelize\\lib\\model.js:516:37\n' +
    '    at Array.map (<anonymous>)\n' +
    '    at Function._validateIncludedElements (D:\\CarParking-BackEnd\\node_modules\\sequelize\\lib\\model.js:511:39)\n' +
    '    at D:\\CarParking-BackEnd\\node_modules\\sequelize\\lib\\model.js:1726:14\n' +
    '    at tryCatcher (D:\\CarParking-BackEnd\\node_modules\\bluebird\\js\\release\\util.js:16:23)\n' +
    '    at Promise._settlePromiseFromHandler (D:\\CarParking-BackEnd\\node_modules\\bluebird\\js\\release\\promise.js:547:31)\n' +
    '    at Promise._settlePromise (D:\\CarParking-BackEnd\\node_modules\\bluebird\\js\\release\\promise.js:604:18)\n' +
    '    at Promise._settlePromise0 (D:\\CarParking-BackEnd\\node_modules\\bluebird\\js\\release\\promise.js:649:10)\n' +
    '    at Promise._settlePromises (D:\\CarParking-BackEnd\\node_modules\\bluebird\\js\\release\\promise.js:729:18)\n' +
    '    at _drainQueueStep (D:\\CarParking-BackEnd\\node_modules\\bluebird\\js\\release\\async.js:93:12)\n' +
    '    at _drainQueue (D:\\CarParking-BackEnd\\node_modules\\bluebird\\js\\release\\async.js:86:9)\n' +
    '    at Async._drainQueues (D:\\CarParking-BackEnd\\node_modules\\bluebird\\js\\release\\async.js:102:5)\n' +
    '    at Immediate.Async.drainQueues [as _onImmediate] (D:\\CarParking-BackEnd\\node_modules\\bluebird\\js\\release\\async.js:15:14)\n' +
    '    at processImmediate (internal/timers.js:439:21)',
  timestamp: '2019-10-29T08:39:38.914Z'
}
{
  name: 'SequelizeEagerLoadingError',
  level: 'error',
  message: 'role is not associated to account_role!role is not associated to account_role!',
  stack: 'SequelizeEagerLoadingError: role is not associated to account_role!\n' +
    '    at Function._getIncludedAssociation (D:\\CarParking-BackEnd\\node_modules\\sequelize\\lib\\model.js:715:13)\n' +
    '    at Function._validateIncludedElement (D:\\CarParking-BackEnd\\node_modules\\sequelize\\lib\\model.js:619:53)\n' +
    '    at D:\\CarParking-BackEnd\\node_modules\\sequelize\\lib\\model.js:516:37\n' +
    '    at Array.map (<anonymous>)\n' +
    '    at Function._validateIncludedElements (D:\\CarParking-BackEnd\\node_modules\\sequelize\\lib\\model.js:511:39)\n' +
    '    at D:\\CarParking-BackEnd\\node_modules\\sequelize\\lib\\model.js:1726:14\n' +
    '    at tryCatcher (D:\\CarParking-BackEnd\\node_modules\\bluebird\\js\\release\\util.js:16:23)\n' +
    '    at Promise._settlePromiseFromHandler (D:\\CarParking-BackEnd\\node_modules\\bluebird\\js\\release\\promise.js:547:31)\n' +
    '    at Promise._settlePromise (D:\\CarParking-BackEnd\\node_modules\\bluebird\\js\\release\\promise.js:604:18)\n' +
    '    at Promise._settlePromise0 (D:\\CarParking-BackEnd\\node_modules\\bluebird\\js\\release\\promise.js:649:10)\n' +
    '    at Promise._settlePromises (D:\\CarParking-BackEnd\\node_modules\\bluebird\\js\\release\\promise.js:729:18)\n' +
    '    at _drainQueueStep (D:\\CarParking-BackEnd\\node_modules\\bluebird\\js\\release\\async.js:93:12)\n' +
    '    at _drainQueue (D:\\CarParking-BackEnd\\node_modules\\bluebird\\js\\release\\async.js:86:9)\n' +
    '    at Async._drainQueues (D:\\CarParking-BackEnd\\node_modules\\bluebird\\js\\release\\async.js:102:5)\n' +
    '    at Immediate.Async.drainQueues [as _onImmediate] (D:\\CarParking-BackEnd\\node_modules\\bluebird\\js\\release\\async.js:15:14)\n' +
    '    at processImmediate (internal/timers.js:439:21)',
  timestamp: '2019-10-29T10:30:32.135Z'
}
{
  name: 'SequelizeEagerLoadingError',
  level: 'error',
  message: 'role is not associated to account_roles!role is not associated to account_roles!',
  stack: 'SequelizeEagerLoadingError: role is not associated to account_roles!\n' +
    '    at Function._getIncludedAssociation (D:\\CarParking-BackEnd\\node_modules\\sequelize\\lib\\model.js:715:13)\n' +
    '    at Function._validateIncludedElement (D:\\CarParking-BackEnd\\node_modules\\sequelize\\lib\\model.js:619:53)\n' +
    '    at D:\\CarParking-BackEnd\\node_modules\\sequelize\\lib\\model.js:516:37\n' +
    '    at Array.map (<anonymous>)\n' +
    '    at Function._validateIncludedElements (D:\\CarParking-BackEnd\\node_modules\\sequelize\\lib\\model.js:511:39)\n' +
    '    at D:\\CarParking-BackEnd\\node_modules\\sequelize\\lib\\model.js:1726:14\n' +
    '    at tryCatcher (D:\\CarParking-BackEnd\\node_modules\\bluebird\\js\\release\\util.js:16:23)\n' +
    '    at Promise._settlePromiseFromHandler (D:\\CarParking-BackEnd\\node_modules\\bluebird\\js\\release\\promise.js:547:31)\n' +
    '    at Promise._settlePromise (D:\\CarParking-BackEnd\\node_modules\\bluebird\\js\\release\\promise.js:604:18)\n' +
    '    at Promise._settlePromise0 (D:\\CarParking-BackEnd\\node_modules\\bluebird\\js\\release\\promise.js:649:10)\n' +
    '    at Promise._settlePromises (D:\\CarParking-BackEnd\\node_modules\\bluebird\\js\\release\\promise.js:729:18)\n' +
    '    at _drainQueueStep (D:\\CarParking-BackEnd\\node_modules\\bluebird\\js\\release\\async.js:93:12)\n' +
    '    at _drainQueue (D:\\CarParking-BackEnd\\node_modules\\bluebird\\js\\release\\async.js:86:9)\n' +
    '    at Async._drainQueues (D:\\CarParking-BackEnd\\node_modules\\bluebird\\js\\release\\async.js:102:5)\n' +
    '    at Immediate.Async.drainQueues [as _onImmediate] (D:\\CarParking-BackEnd\\node_modules\\bluebird\\js\\release\\async.js:15:14)\n' +
    '    at processImmediate (internal/timers.js:439:21)',
  timestamp: '2019-10-29T10:32:33.464Z'
}
{
  name: 'SequelizeEagerLoadingError',
  level: 'error',
  message: 'role is not associated to account_role!role is not associated to account_role!',
  stack: 'SequelizeEagerLoadingError: role is not associated to account_role!\n' +
    '    at Function._getIncludedAssociation (D:\\CarParking-BackEnd\\node_modules\\sequelize\\lib\\model.js:715:13)\n' +
    '    at Function._validateIncludedElement (D:\\CarParking-BackEnd\\node_modules\\sequelize\\lib\\model.js:619:53)\n' +
    '    at D:\\CarParking-BackEnd\\node_modules\\sequelize\\lib\\model.js:516:37\n' +
    '    at Array.map (<anonymous>)\n' +
    '    at Function._validateIncludedElements (D:\\CarParking-BackEnd\\node_modules\\sequelize\\lib\\model.js:511:39)\n' +
    '    at D:\\CarParking-BackEnd\\node_modules\\sequelize\\lib\\model.js:1726:14\n' +
    '    at tryCatcher (D:\\CarParking-BackEnd\\node_modules\\bluebird\\js\\release\\util.js:16:23)\n' +
    '    at Promise._settlePromiseFromHandler (D:\\CarParking-BackEnd\\node_modules\\bluebird\\js\\release\\promise.js:547:31)\n' +
    '    at Promise._settlePromise (D:\\CarParking-BackEnd\\node_modules\\bluebird\\js\\release\\promise.js:604:18)\n' +
    '    at Promise._settlePromise0 (D:\\CarParking-BackEnd\\node_modules\\bluebird\\js\\release\\promise.js:649:10)\n' +
    '    at Promise._settlePromises (D:\\CarParking-BackEnd\\node_modules\\bluebird\\js\\release\\promise.js:729:18)\n' +
    '    at _drainQueueStep (D:\\CarParking-BackEnd\\node_modules\\bluebird\\js\\release\\async.js:93:12)\n' +
    '    at _drainQueue (D:\\CarParking-BackEnd\\node_modules\\bluebird\\js\\release\\async.js:86:9)\n' +
    '    at Async._drainQueues (D:\\CarParking-BackEnd\\node_modules\\bluebird\\js\\release\\async.js:102:5)\n' +
    '    at Immediate.Async.drainQueues [as _onImmediate] (D:\\CarParking-BackEnd\\node_modules\\bluebird\\js\\release\\async.js:15:14)\n' +
    '    at processImmediate (internal/timers.js:439:21)',
  timestamp: '2019-10-29T10:35:18.732Z'
}
{
  name: 'SequelizeEagerLoadingError',
  level: 'error',
  message: 'role is not associated to account_role!role is not associated to account_role!',
  stack: 'SequelizeEagerLoadingError: role is not associated to account_role!\n' +
    '    at Function._getIncludedAssociation (D:\\CarParking-BackEnd\\node_modules\\sequelize\\lib\\model.js:715:13)\n' +
    '    at Function._validateIncludedElement (D:\\CarParking-BackEnd\\node_modules\\sequelize\\lib\\model.js:619:53)\n' +
    '    at D:\\CarParking-BackEnd\\node_modules\\sequelize\\lib\\model.js:516:37\n' +
    '    at Array.map (<anonymous>)\n' +
    '    at Function._validateIncludedElements (D:\\CarParking-BackEnd\\node_modules\\sequelize\\lib\\model.js:511:39)\n' +
    '    at D:\\CarParking-BackEnd\\node_modules\\sequelize\\lib\\model.js:1726:14\n' +
    '    at tryCatcher (D:\\CarParking-BackEnd\\node_modules\\bluebird\\js\\release\\util.js:16:23)\n' +
    '    at Promise._settlePromiseFromHandler (D:\\CarParking-BackEnd\\node_modules\\bluebird\\js\\release\\promise.js:547:31)\n' +
    '    at Promise._settlePromise (D:\\CarParking-BackEnd\\node_modules\\bluebird\\js\\release\\promise.js:604:18)\n' +
    '    at Promise._settlePromise0 (D:\\CarParking-BackEnd\\node_modules\\bluebird\\js\\release\\promise.js:649:10)\n' +
    '    at Promise._settlePromises (D:\\CarParking-BackEnd\\node_modules\\bluebird\\js\\release\\promise.js:729:18)\n' +
    '    at _drainQueueStep (D:\\CarParking-BackEnd\\node_modules\\bluebird\\js\\release\\async.js:93:12)\n' +
    '    at _drainQueue (D:\\CarParking-BackEnd\\node_modules\\bluebird\\js\\release\\async.js:86:9)\n' +
    '    at Async._drainQueues (D:\\CarParking-BackEnd\\node_modules\\bluebird\\js\\release\\async.js:102:5)\n' +
    '    at Immediate.Async.drainQueues [as _onImmediate] (D:\\CarParking-BackEnd\\node_modules\\bluebird\\js\\release\\async.js:15:14)\n' +
    '    at processImmediate (internal/timers.js:439:21)',
  timestamp: '2019-10-29T10:35:35.140Z'
}
{
  level: 'error',
  message: 'Association with alias "Account" does not exist on account_roleAssociation with alias "Account" does not exist on account_role',
  stack: 'Error: Association with alias "Account" does not exist on account_role\n' +
    '    at Function._transformStringAssociation (D:\\CarParking-BackEnd\\node_modules\\sequelize\\lib\\model.js:332:15)\n' +
    '    at Function._conformInclude (D:\\CarParking-BackEnd\\node_modules\\sequelize\\lib\\model.js:345:22)\n' +
    '    at D:\\CarParking-BackEnd\\node_modules\\sequelize\\lib\\model.js:326:59\n' +
    '    at Array.map (<anonymous>)\n' +
    '    at Function._conformIncludes (D:\\CarParking-BackEnd\\node_modules\\sequelize\\lib\\model.js:326:39)\n' +
    '    at Function._baseMerge (D:\\CarParking-BackEnd\\node_modules\\sequelize\\lib\\model.js:791:10)\n' +
    '    at Function._defaultsOptions (D:\\CarParking-BackEnd\\node_modules\\sequelize\\lib\\model.js:828:17)\n' +
    '    at Function._injectScope (D:\\CarParking-BackEnd\\node_modules\\sequelize\\lib\\model.js:3288:10)\n' +
    '    at D:\\CarParking-BackEnd\\node_modules\\sequelize\\lib\\model.js:1707:12\n' +
    '    at tryCatcher (D:\\CarParking-BackEnd\\node_modules\\bluebird\\js\\release\\util.js:16:23)\n' +
    '    at Function.Promise.attempt.Promise.try (D:\\CarParking-BackEnd\\node_modules\\bluebird\\js\\release\\method.js:39:29)\n' +
    '    at Function.findAll (D:\\CarParking-BackEnd\\node_modules\\sequelize\\lib\\model.js:1706:23)\n' +
    '    at show_all_owners (D:\\CarParking-BackEnd\\controllers\\ownerController.js:9:36)\n' +
    '    at newFn (D:\\CarParking-BackEnd\\node_modules\\express-async-errors\\index.js:16:20)\n' +
    '    at Layer.handle [as handle_request] (D:\\CarParking-BackEnd\\node_modules\\express\\lib\\router\\layer.js:95:5)\n' +
    '    at next (D:\\CarParking-BackEnd\\node_modules\\express\\lib\\router\\route.js:137:13)\n' +
    '    at Route.dispatch (D:\\CarParking-BackEnd\\node_modules\\express\\lib\\router\\route.js:112:3)\n' +
    '    at newFn (D:\\CarParking-BackEnd\\node_modules\\express-async-errors\\index.js:16:20)\n' +
    '    at Layer.handle [as handle_request] (D:\\CarParking-BackEnd\\node_modules\\express\\lib\\router\\layer.js:95:5)\n' +
    '    at D:\\CarParking-BackEnd\\node_modules\\express\\lib\\router\\index.js:281:22\n' +
    '    at Function.process_params (D:\\CarParking-BackEnd\\node_modules\\express\\lib\\router\\index.js:335:12)\n' +
    '    at next (D:\\CarParking-BackEnd\\node_modules\\express\\lib\\router\\index.js:275:10)',
  timestamp: '2019-10-29T10:36:38.336Z'
}
{
  name: 'SequelizeEagerLoadingError',
  level: 'error',
  message: 'role is not associated to account_role!role is not associated to account_role!',
  stack: 'SequelizeEagerLoadingError: role is not associated to account_role!\n' +
    '    at Function._getIncludedAssociation (D:\\CarParking-BackEnd\\node_modules\\sequelize\\lib\\model.js:715:13)\n' +
    '    at Function._validateIncludedElement (D:\\CarParking-BackEnd\\node_modules\\sequelize\\lib\\model.js:619:53)\n' +
    '    at D:\\CarParking-BackEnd\\node_modules\\sequelize\\lib\\model.js:516:37\n' +
    '    at Array.map (<anonymous>)\n' +
    '    at Function._validateIncludedElements (D:\\CarParking-BackEnd\\node_modules\\sequelize\\lib\\model.js:511:39)\n' +
    '    at D:\\CarParking-BackEnd\\node_modules\\sequelize\\lib\\model.js:1726:14\n' +
    '    at tryCatcher (D:\\CarParking-BackEnd\\node_modules\\bluebird\\js\\release\\util.js:16:23)\n' +
    '    at Promise._settlePromiseFromHandler (D:\\CarParking-BackEnd\\node_modules\\bluebird\\js\\release\\promise.js:547:31)\n' +
    '    at Promise._settlePromise (D:\\CarParking-BackEnd\\node_modules\\bluebird\\js\\release\\promise.js:604:18)\n' +
    '    at Promise._settlePromise0 (D:\\CarParking-BackEnd\\node_modules\\bluebird\\js\\release\\promise.js:649:10)\n' +
    '    at Promise._settlePromises (D:\\CarParking-BackEnd\\node_modules\\bluebird\\js\\release\\promise.js:729:18)\n' +
    '    at _drainQueueStep (D:\\CarParking-BackEnd\\node_modules\\bluebird\\js\\release\\async.js:93:12)\n' +
    '    at _drainQueue (D:\\CarParking-BackEnd\\node_modules\\bluebird\\js\\release\\async.js:86:9)\n' +
    '    at Async._drainQueues (D:\\CarParking-BackEnd\\node_modules\\bluebird\\js\\release\\async.js:102:5)\n' +
    '    at Immediate.Async.drainQueues [as _onImmediate] (D:\\CarParking-BackEnd\\node_modules\\bluebird\\js\\release\\async.js:15:14)\n' +
    '    at processImmediate (internal/timers.js:439:21)',
  timestamp: '2019-10-29T10:39:28.955Z'
}
{
  name: 'SequelizeEagerLoadingError',
  level: 'error',
  message: 'account is not associated to account_role!account is not associated to account_role!',
  stack: 'SequelizeEagerLoadingError: account is not associated to account_role!\n' +
    '    at Function._getIncludedAssociation (D:\\CarParking-BackEnd\\node_modules\\sequelize\\lib\\model.js:715:13)\n' +
    '    at Function._validateIncludedElement (D:\\CarParking-BackEnd\\node_modules\\sequelize\\lib\\model.js:619:53)\n' +
    '    at D:\\CarParking-BackEnd\\node_modules\\sequelize\\lib\\model.js:516:37\n' +
    '    at Array.map (<anonymous>)\n' +
    '    at Function._validateIncludedElements (D:\\CarParking-BackEnd\\node_modules\\sequelize\\lib\\model.js:511:39)\n' +
    '    at D:\\CarParking-BackEnd\\node_modules\\sequelize\\lib\\model.js:1726:14\n' +
    '    at tryCatcher (D:\\CarParking-BackEnd\\node_modules\\bluebird\\js\\release\\util.js:16:23)\n' +
    '    at Promise._settlePromiseFromHandler (D:\\CarParking-BackEnd\\node_modules\\bluebird\\js\\release\\promise.js:547:31)\n' +
    '    at Promise._settlePromise (D:\\CarParking-BackEnd\\node_modules\\bluebird\\js\\release\\promise.js:604:18)\n' +
    '    at Promise._settlePromise0 (D:\\CarParking-BackEnd\\node_modules\\bluebird\\js\\release\\promise.js:649:10)\n' +
    '    at Promise._settlePromises (D:\\CarParking-BackEnd\\node_modules\\bluebird\\js\\release\\promise.js:729:18)\n' +
    '    at _drainQueueStep (D:\\CarParking-BackEnd\\node_modules\\bluebird\\js\\release\\async.js:93:12)\n' +
    '    at _drainQueue (D:\\CarParking-BackEnd\\node_modules\\bluebird\\js\\release\\async.js:86:9)\n' +
    '    at Async._drainQueues (D:\\CarParking-BackEnd\\node_modules\\bluebird\\js\\release\\async.js:102:5)\n' +
    '    at Immediate.Async.drainQueues [as _onImmediate] (D:\\CarParking-BackEnd\\node_modules\\bluebird\\js\\release\\async.js:15:14)\n' +
    '    at processImmediate (internal/timers.js:439:21)',
  timestamp: '2019-10-29T10:40:03.557Z'
}
{
  name: 'SequelizeEagerLoadingError',
  level: 'error',
  message: 'role is not associated to account_role!role is not associated to account_role!',
  stack: 'SequelizeEagerLoadingError: role is not associated to account_role!\n' +
    '    at Function._getIncludedAssociation (D:\\CarParking-BackEnd\\node_modules\\sequelize\\lib\\model.js:715:13)\n' +
    '    at Function._validateIncludedElement (D:\\CarParking-BackEnd\\node_modules\\sequelize\\lib\\model.js:619:53)\n' +
    '    at D:\\CarParking-BackEnd\\node_modules\\sequelize\\lib\\model.js:516:37\n' +
    '    at Array.map (<anonymous>)\n' +
    '    at Function._validateIncludedElements (D:\\CarParking-BackEnd\\node_modules\\sequelize\\lib\\model.js:511:39)\n' +
    '    at D:\\CarParking-BackEnd\\node_modules\\sequelize\\lib\\model.js:1726:14\n' +
    '    at tryCatcher (D:\\CarParking-BackEnd\\node_modules\\bluebird\\js\\release\\util.js:16:23)\n' +
    '    at Promise._settlePromiseFromHandler (D:\\CarParking-BackEnd\\node_modules\\bluebird\\js\\release\\promise.js:547:31)\n' +
    '    at Promise._settlePromise (D:\\CarParking-BackEnd\\node_modules\\bluebird\\js\\release\\promise.js:604:18)\n' +
    '    at Promise._settlePromise0 (D:\\CarParking-BackEnd\\node_modules\\bluebird\\js\\release\\promise.js:649:10)\n' +
    '    at Promise._settlePromises (D:\\CarParking-BackEnd\\node_modules\\bluebird\\js\\release\\promise.js:729:18)\n' +
    '    at _drainQueueStep (D:\\CarParking-BackEnd\\node_modules\\bluebird\\js\\release\\async.js:93:12)\n' +
    '    at _drainQueue (D:\\CarParking-BackEnd\\node_modules\\bluebird\\js\\release\\async.js:86:9)\n' +
    '    at Async._drainQueues (D:\\CarParking-BackEnd\\node_modules\\bluebird\\js\\release\\async.js:102:5)\n' +
    '    at Immediate.Async.drainQueues [as _onImmediate] (D:\\CarParking-BackEnd\\node_modules\\bluebird\\js\\release\\async.js:15:14)\n' +
    '    at processImmediate (internal/timers.js:439:21)',
  timestamp: '2019-10-29T10:40:55.061Z'
}
{
  name: 'SequelizeEagerLoadingError',
  level: 'error',
  message: 'role is not associated to account_role!role is not associated to account_role!',
  stack: 'SequelizeEagerLoadingError: role is not associated to account_role!\n' +
    '    at Function._getIncludedAssociation (D:\\CarParking-BackEnd\\node_modules\\sequelize\\lib\\model.js:715:13)\n' +
    '    at Function._validateIncludedElement (D:\\CarParking-BackEnd\\node_modules\\sequelize\\lib\\model.js:619:53)\n' +
    '    at D:\\CarParking-BackEnd\\node_modules\\sequelize\\lib\\model.js:516:37\n' +
    '    at Array.map (<anonymous>)\n' +
    '    at Function._validateIncludedElements (D:\\CarParking-BackEnd\\node_modules\\sequelize\\lib\\model.js:511:39)\n' +
    '    at D:\\CarParking-BackEnd\\node_modules\\sequelize\\lib\\model.js:1726:14\n' +
    '    at tryCatcher (D:\\CarParking-BackEnd\\node_modules\\bluebird\\js\\release\\util.js:16:23)\n' +
    '    at Promise._settlePromiseFromHandler (D:\\CarParking-BackEnd\\node_modules\\bluebird\\js\\release\\promise.js:547:31)\n' +
    '    at Promise._settlePromise (D:\\CarParking-BackEnd\\node_modules\\bluebird\\js\\release\\promise.js:604:18)\n' +
    '    at Promise._settlePromise0 (D:\\CarParking-BackEnd\\node_modules\\bluebird\\js\\release\\promise.js:649:10)\n' +
    '    at Promise._settlePromises (D:\\CarParking-BackEnd\\node_modules\\bluebird\\js\\release\\promise.js:729:18)\n' +
    '    at _drainQueueStep (D:\\CarParking-BackEnd\\node_modules\\bluebird\\js\\release\\async.js:93:12)\n' +
    '    at _drainQueue (D:\\CarParking-BackEnd\\node_modules\\bluebird\\js\\release\\async.js:86:9)\n' +
    '    at Async._drainQueues (D:\\CarParking-BackEnd\\node_modules\\bluebird\\js\\release\\async.js:102:5)\n' +
    '    at Immediate.Async.drainQueues [as _onImmediate] (D:\\CarParking-BackEnd\\node_modules\\bluebird\\js\\release\\async.js:15:14)\n' +
    '    at processImmediate (internal/timers.js:439:21)',
  timestamp: '2019-10-29T10:41:49.239Z'
}
{
  name: 'SequelizeConnectionRefusedError',
  parent: Error: connect ECONNREFUSED 127.0.0.1:3306
      at TCPConnectWrap.afterConnect [as oncomplete] (net.js:1126:14) {
    errno: 'ECONNREFUSED',
    code: 'ECONNREFUSED',
    syscall: 'connect',
    address: '127.0.0.1',
    port: 3306,
    fatal: true
  },
  original: Error: connect ECONNREFUSED 127.0.0.1:3306
      at TCPConnectWrap.afterConnect [as oncomplete] (net.js:1126:14) {
    errno: 'ECONNREFUSED',
    code: 'ECONNREFUSED',
    syscall: 'connect',
    address: '127.0.0.1',
    port: 3306,
    fatal: true
  },
  level: 'error',
  message: 'connect ECONNREFUSED 127.0.0.1:3306connect ECONNREFUSED 127.0.0.1:3306',
  stack: 'SequelizeConnectionRefusedError: connect ECONNREFUSED 127.0.0.1:3306\n' +
    '    at D:\\CarParking-BackEnd\\node_modules\\sequelize\\lib\\dialects\\mysql\\connection-manager.js:123:19\n' +
    '    at tryCatcher (D:\\CarParking-BackEnd\\node_modules\\bluebird\\js\\release\\util.js:16:23)\n' +
    '    at Promise._settlePromiseFromHandler (D:\\CarParking-BackEnd\\node_modules\\bluebird\\js\\release\\promise.js:547:31)\n' +
    '    at Promise._settlePromise (D:\\CarParking-BackEnd\\node_modules\\bluebird\\js\\release\\promise.js:604:18)\n' +
    '    at Promise._settlePromise0 (D:\\CarParking-BackEnd\\node_modules\\bluebird\\js\\release\\promise.js:649:10)\n' +
    '    at Promise._settlePromises (D:\\CarParking-BackEnd\\node_modules\\bluebird\\js\\release\\promise.js:725:18)\n' +
    '    at _drainQueueStep (D:\\CarParking-BackEnd\\node_modules\\bluebird\\js\\release\\async.js:93:12)\n' +
    '    at _drainQueue (D:\\CarParking-BackEnd\\node_modules\\bluebird\\js\\release\\async.js:86:9)\n' +
    '    at Async._drainQueues (D:\\CarParking-BackEnd\\node_modules\\bluebird\\js\\release\\async.js:102:5)\n' +
    '    at Immediate.Async.drainQueues [as _onImmediate] (D:\\CarParking-BackEnd\\node_modules\\bluebird\\js\\release\\async.js:15:14)\n' +
    '    at processImmediate (internal/timers.js:439:21)',
  timestamp: '2019-10-30T07:00:52.919Z'
}
{
  level: 'error',
  message: 'role_name is not definedrole_name is not defined',
  stack: 'ReferenceError: role_name is not defined\n' +
    '    at show_all_owners (D:\\CarParking-BackEnd\\controllers\\ownerController.js:11:58)\n' +
    '    at newFn (D:\\CarParking-BackEnd\\node_modules\\express-async-errors\\index.js:16:20)\n' +
    '    at Layer.handle [as handle_request] (D:\\CarParking-BackEnd\\node_modules\\express\\lib\\router\\layer.js:95:5)\n' +
    '    at next (D:\\CarParking-BackEnd\\node_modules\\express\\lib\\router\\route.js:137:13)\n' +
    '    at Route.dispatch (D:\\CarParking-BackEnd\\node_modules\\express\\lib\\router\\route.js:112:3)\n' +
    '    at newFn (D:\\CarParking-BackEnd\\node_modules\\express-async-errors\\index.js:16:20)\n' +
    '    at Layer.handle [as handle_request] (D:\\CarParking-BackEnd\\node_modules\\express\\lib\\router\\layer.js:95:5)\n' +
    '    at D:\\CarParking-BackEnd\\node_modules\\express\\lib\\router\\index.js:281:22\n' +
    '    at Function.process_params (D:\\CarParking-BackEnd\\node_modules\\express\\lib\\router\\index.js:335:12)\n' +
    '    at next (D:\\CarParking-BackEnd\\node_modules\\express\\lib\\router\\index.js:275:10)\n' +
    '    at Function.handle (D:\\CarParking-BackEnd\\node_modules\\express\\lib\\router\\index.js:174:3)\n' +
    '    at router (D:\\CarParking-BackEnd\\node_modules\\express\\lib\\router\\index.js:47:12)\n' +
    '    at newFn (D:\\CarParking-BackEnd\\node_modules\\express-async-errors\\index.js:16:20)\n' +
    '    at Layer.handle [as handle_request] (D:\\CarParking-BackEnd\\node_modules\\express\\lib\\router\\layer.js:95:5)\n' +
    '    at trim_prefix (D:\\CarParking-BackEnd\\node_modules\\express\\lib\\router\\index.js:317:13)\n' +
    '    at D:\\CarParking-BackEnd\\node_modules\\express\\lib\\router\\index.js:284:7\n' +
    '    at Function.process_params (D:\\CarParking-BackEnd\\node_modules\\express\\lib\\router\\index.js:335:12)\n' +
    '    at next (D:\\CarParking-BackEnd\\node_modules\\express\\lib\\router\\index.js:275:10)\n' +
    '    at D:\\CarParking-BackEnd\\startup\\routes.js:26:5\n' +
    '    at newFn (D:\\CarParking-BackEnd\\node_modules\\express-async-errors\\index.js:16:20)\n' +
    '    at Layer.handle [as handle_request] (D:\\CarParking-BackEnd\\node_modules\\express\\lib\\router\\layer.js:95:5)\n' +
    '    at trim_prefix (D:\\CarParking-BackEnd\\node_modules\\express\\lib\\router\\index.js:317:13)',
  timestamp: '2019-10-30T07:58:19.858Z'
}
{
  level: 'error',
  message: 'role_name is not definedrole_name is not defined',
  stack: 'ReferenceError: role_name is not defined\n' +
    '    at show_all_owners (D:\\CarParking-BackEnd\\controllers\\ownerController.js:11:58)\n' +
    '    at newFn (D:\\CarParking-BackEnd\\node_modules\\express-async-errors\\index.js:16:20)\n' +
    '    at Layer.handle [as handle_request] (D:\\CarParking-BackEnd\\node_modules\\express\\lib\\router\\layer.js:95:5)\n' +
    '    at next (D:\\CarParking-BackEnd\\node_modules\\express\\lib\\router\\route.js:137:13)\n' +
    '    at Route.dispatch (D:\\CarParking-BackEnd\\node_modules\\express\\lib\\router\\route.js:112:3)\n' +
    '    at newFn (D:\\CarParking-BackEnd\\node_modules\\express-async-errors\\index.js:16:20)\n' +
    '    at Layer.handle [as handle_request] (D:\\CarParking-BackEnd\\node_modules\\express\\lib\\router\\layer.js:95:5)\n' +
    '    at D:\\CarParking-BackEnd\\node_modules\\express\\lib\\router\\index.js:281:22\n' +
    '    at Function.process_params (D:\\CarParking-BackEnd\\node_modules\\express\\lib\\router\\index.js:335:12)\n' +
    '    at next (D:\\CarParking-BackEnd\\node_modules\\express\\lib\\router\\index.js:275:10)\n' +
    '    at Function.handle (D:\\CarParking-BackEnd\\node_modules\\express\\lib\\router\\index.js:174:3)\n' +
    '    at router (D:\\CarParking-BackEnd\\node_modules\\express\\lib\\router\\index.js:47:12)\n' +
    '    at newFn (D:\\CarParking-BackEnd\\node_modules\\express-async-errors\\index.js:16:20)\n' +
    '    at Layer.handle [as handle_request] (D:\\CarParking-BackEnd\\node_modules\\express\\lib\\router\\layer.js:95:5)\n' +
    '    at trim_prefix (D:\\CarParking-BackEnd\\node_modules\\express\\lib\\router\\index.js:317:13)\n' +
    '    at D:\\CarParking-BackEnd\\node_modules\\express\\lib\\router\\index.js:284:7\n' +
    '    at Function.process_params (D:\\CarParking-BackEnd\\node_modules\\express\\lib\\router\\index.js:335:12)\n' +
    '    at next (D:\\CarParking-BackEnd\\node_modules\\express\\lib\\router\\index.js:275:10)\n' +
    '    at D:\\CarParking-BackEnd\\startup\\routes.js:26:5\n' +
    '    at newFn (D:\\CarParking-BackEnd\\node_modules\\express-async-errors\\index.js:16:20)\n' +
    '    at Layer.handle [as handle_request] (D:\\CarParking-BackEnd\\node_modules\\express\\lib\\router\\layer.js:95:5)\n' +
    '    at trim_prefix (D:\\CarParking-BackEnd\\node_modules\\express\\lib\\router\\index.js:317:13)',
  timestamp: '2019-10-30T07:58:21.483Z'
}
{
  name: 'SequelizeDatabaseError',
  parent: Error: Unknown column 'roles.roleId' in 'on clause'
      at Packet.asError (D:\CarParking-BackEnd\node_modules\mysql2\lib\packets\packet.js:712:17)
      at Query.execute (D:\CarParking-BackEnd\node_modules\mysql2\lib\commands\command.js:28:26)
      at Connection.handlePacket (D:\CarParking-BackEnd\node_modules\mysql2\lib\connection.js:408:32)
      at PacketParser.onPacket (D:\CarParking-BackEnd\node_modules\mysql2\lib\connection.js:70:12)
      at PacketParser.executeStart (D:\CarParking-BackEnd\node_modules\mysql2\lib\packet_parser.js:75:16)
      at Socket.<anonymous> (D:\CarParking-BackEnd\node_modules\mysql2\lib\connection.js:77:25)
      at Socket.emit (events.js:209:13)
      at addChunk (_stream_readable.js:305:12)
      at readableAddChunk (_stream_readable.js:286:11)
      at Socket.Readable.push (_stream_readable.js:220:10)
      at TCP.onStreamRead (internal/stream_base_commons.js:182:23) {
    code: 'ER_BAD_FIELD_ERROR',
    errno: 1054,
    sqlState: '42S22',
    sqlMessage: "Unknown column 'roles.roleId' in 'on clause'",
    sql: 'SELECT `account`.`id`, `account`.`username`, `account`.`password`, `account`.`status`, `account`.`name`, `account`.`birthday`, `account`.`gender`, `account`.`phone`, `account`.`image`, `account`.`balance`, `roles`.`id` AS `roles.id`, `roles`.`role_name` AS `roles.role_name`, `roles->account_role`.`accountId` AS `roles.account_role.accountId`, `roles->account_role`.`roleId` AS `roles.account_role.roleId` FROM `accounts` AS `account` INNER JOIN ( `account_roles` AS `roles->account_role` INNER JOIN `roles` AS `roles` ON `roles`.`id` = `roles->account_role`.`roleId`) ON `account`.`id` = `roles->account_role`.`accountId` AND `roles`.`roleId` = 3;',
    parameters: undefined
  },
  original: Error: Unknown column 'roles.roleId' in 'on clause'
      at Packet.asError (D:\CarParking-BackEnd\node_modules\mysql2\lib\packets\packet.js:712:17)
      at Query.execute (D:\CarParking-BackEnd\node_modules\mysql2\lib\commands\command.js:28:26)
      at Connection.handlePacket (D:\CarParking-BackEnd\node_modules\mysql2\lib\connection.js:408:32)
      at PacketParser.onPacket (D:\CarParking-BackEnd\node_modules\mysql2\lib\connection.js:70:12)
      at PacketParser.executeStart (D:\CarParking-BackEnd\node_modules\mysql2\lib\packet_parser.js:75:16)
      at Socket.<anonymous> (D:\CarParking-BackEnd\node_modules\mysql2\lib\connection.js:77:25)
      at Socket.emit (events.js:209:13)
      at addChunk (_stream_readable.js:305:12)
      at readableAddChunk (_stream_readable.js:286:11)
      at Socket.Readable.push (_stream_readable.js:220:10)
      at TCP.onStreamRead (internal/stream_base_commons.js:182:23) {
    code: 'ER_BAD_FIELD_ERROR',
    errno: 1054,
    sqlState: '42S22',
    sqlMessage: "Unknown column 'roles.roleId' in 'on clause'",
    sql: 'SELECT `account`.`id`, `account`.`username`, `account`.`password`, `account`.`status`, `account`.`name`, `account`.`birthday`, `account`.`gender`, `account`.`phone`, `account`.`image`, `account`.`balance`, `roles`.`id` AS `roles.id`, `roles`.`role_name` AS `roles.role_name`, `roles->account_role`.`accountId` AS `roles.account_role.accountId`, `roles->account_role`.`roleId` AS `roles.account_role.roleId` FROM `accounts` AS `account` INNER JOIN ( `account_roles` AS `roles->account_role` INNER JOIN `roles` AS `roles` ON `roles`.`id` = `roles->account_role`.`roleId`) ON `account`.`id` = `roles->account_role`.`accountId` AND `roles`.`roleId` = 3;',
    parameters: undefined
  },
  sql: 'SELECT `account`.`id`, `account`.`username`, `account`.`password`, `account`.`status`, `account`.`name`, `account`.`birthday`, `account`.`gender`, `account`.`phone`, `account`.`image`, `account`.`balance`, `roles`.`id` AS `roles.id`, `roles`.`role_name` AS `roles.role_name`, `roles->account_role`.`accountId` AS `roles.account_role.accountId`, `roles->account_role`.`roleId` AS `roles.account_role.roleId` FROM `accounts` AS `account` INNER JOIN ( `account_roles` AS `roles->account_role` INNER JOIN `roles` AS `roles` ON `roles`.`id` = `roles->account_role`.`roleId`) ON `account`.`id` = `roles->account_role`.`accountId` AND `roles`.`roleId` = 3;',
  parameters: undefined,
  level: 'error',
  message: "Unknown column 'roles.roleId' in 'on clause'Unknown column 'roles.roleId' in 'on clause'",
  stack: "SequelizeDatabaseError: Unknown column 'roles.roleId' in 'on clause'\n" +
    '    at Query.formatError (D:\\CarParking-BackEnd\\node_modules\\sequelize\\lib\\dialects\\mysql\\query.js:244:16)\n' +
    '    at Query.handler [as onResult] (D:\\CarParking-BackEnd\\node_modules\\sequelize\\lib\\dialects\\mysql\\query.js:51:23)\n' +
    '    at Query.execute (D:\\CarParking-BackEnd\\node_modules\\mysql2\\lib\\commands\\command.js:30:14)\n' +
    '    at Connection.handlePacket (D:\\CarParking-BackEnd\\node_modules\\mysql2\\lib\\connection.js:408:32)\n' +
    '    at PacketParser.onPacket (D:\\CarParking-BackEnd\\node_modules\\mysql2\\lib\\connection.js:70:12)\n' +
    '    at PacketParser.executeStart (D:\\CarParking-BackEnd\\node_modules\\mysql2\\lib\\packet_parser.js:75:16)\n' +
    '    at Socket.<anonymous> (D:\\CarParking-BackEnd\\node_modules\\mysql2\\lib\\connection.js:77:25)\n' +
    '    at Socket.emit (events.js:209:13)\n' +
    '    at addChunk (_stream_readable.js:305:12)\n' +
    '    at readableAddChunk (_stream_readable.js:286:11)\n' +
    '    at Socket.Readable.push (_stream_readable.js:220:10)\n' +
    '    at TCP.onStreamRead (internal/stream_base_commons.js:182:23)',
  timestamp: '2019-10-30T08:33:21.282Z'
}
{
  message: "Column 'roleId' cannot be null",
  level: 'error',
  timestamp: '2019-10-30T08:46:36.809Z'
}
{
  message: "Column 'roleId' cannot be null",
  level: 'error',
  timestamp: '2019-10-30T08:47:51.454Z'
}
{
  message: "Column 'accountAccountId' cannot be null",
  level: 'error',
  timestamp: '2019-10-30T08:48:08.273Z'
}
{
  message: "Column 'accountAccountId' cannot be null",
  level: 'error',
  timestamp: '2019-10-30T08:48:50.140Z'
}
{
  level: 'error',
  message: 'WHERE parameter "accountId" has invalid "undefined" valueWHERE parameter "accountId" has invalid "undefined" value',
  stack: 'Error: WHERE parameter "accountId" has invalid "undefined" value\n' +
    '    at MySQLQueryGenerator.whereItemQuery (D:\\CarParking-BackEnd\\node_modules\\sequelize\\lib\\dialects\\abstract\\query-generator.js:2184:13)\n' +
    '    at D:\\CarParking-BackEnd\\node_modules\\sequelize\\lib\\dialects\\abstract\\query-generator.js:2173:25\n' +
    '    at Array.forEach (<anonymous>)\n' +
    '    at MySQLQueryGenerator.whereItemsQuery (D:\\CarParking-BackEnd\\node_modules\\sequelize\\lib\\dialects\\abstract\\query-generator.js:2171:35)\n' +
    '    at MySQLQueryGenerator.getWhereConditions (D:\\CarParking-BackEnd\\node_modules\\sequelize\\lib\\dialects\\abstract\\query-generator.js:2583:19)\n' +
    '    at MySQLQueryGenerator.selectQuery (D:\\CarParking-BackEnd\\node_modules\\sequelize\\lib\\dialects\\abstract\\query-generator.js:1315:28)\n' +
    '    at QueryInterface.select (D:\\CarParking-BackEnd\\node_modules\\sequelize\\lib\\query-interface.js:1122:27)\n' +
    '    at D:\\CarParking-BackEnd\\node_modules\\sequelize\\lib\\model.js:1757:34\n' +
    '    at tryCatcher (D:\\CarParking-BackEnd\\node_modules\\bluebird\\js\\release\\util.js:16:23)\n' +
    '    at Promise._settlePromiseFromHandler (D:\\CarParking-BackEnd\\node_modules\\bluebird\\js\\release\\promise.js:547:31)\n' +
    '    at Promise._settlePromise (D:\\CarParking-BackEnd\\node_modules\\bluebird\\js\\release\\promise.js:604:18)\n' +
    '    at Promise._settlePromise0 (D:\\CarParking-BackEnd\\node_modules\\bluebird\\js\\release\\promise.js:649:10)\n' +
    '    at Promise._settlePromises (D:\\CarParking-BackEnd\\node_modules\\bluebird\\js\\release\\promise.js:729:18)\n' +
    '    at _drainQueueStep (D:\\CarParking-BackEnd\\node_modules\\bluebird\\js\\release\\async.js:93:12)\n' +
    '    at _drainQueue (D:\\CarParking-BackEnd\\node_modules\\bluebird\\js\\release\\async.js:86:9)\n' +
    '    at Async._drainQueues (D:\\CarParking-BackEnd\\node_modules\\bluebird\\js\\release\\async.js:102:5)\n' +
    '    at Immediate.Async.drainQueues [as _onImmediate] (D:\\CarParking-BackEnd\\node_modules\\bluebird\\js\\release\\async.js:15:14)\n' +
    '    at processImmediate (internal/timers.js:439:21)',
  timestamp: '2019-10-30T08:56:57.639Z'
}
{
  level: 'error',
  message: 'WHERE parameter "accountId" has invalid "undefined" valueWHERE parameter "accountId" has invalid "undefined" value',
  stack: 'Error: WHERE parameter "accountId" has invalid "undefined" value\n' +
    '    at MySQLQueryGenerator.whereItemQuery (D:\\CarParking-BackEnd\\node_modules\\sequelize\\lib\\dialects\\abstract\\query-generator.js:2184:13)\n' +
    '    at D:\\CarParking-BackEnd\\node_modules\\sequelize\\lib\\dialects\\abstract\\query-generator.js:2173:25\n' +
    '    at Array.forEach (<anonymous>)\n' +
    '    at MySQLQueryGenerator.whereItemsQuery (D:\\CarParking-BackEnd\\node_modules\\sequelize\\lib\\dialects\\abstract\\query-generator.js:2171:35)\n' +
    '    at MySQLQueryGenerator.getWhereConditions (D:\\CarParking-BackEnd\\node_modules\\sequelize\\lib\\dialects\\abstract\\query-generator.js:2583:19)\n' +
    '    at MySQLQueryGenerator.selectQuery (D:\\CarParking-BackEnd\\node_modules\\sequelize\\lib\\dialects\\abstract\\query-generator.js:1315:28)\n' +
    '    at QueryInterface.select (D:\\CarParking-BackEnd\\node_modules\\sequelize\\lib\\query-interface.js:1122:27)\n' +
    '    at D:\\CarParking-BackEnd\\node_modules\\sequelize\\lib\\model.js:1757:34\n' +
    '    at tryCatcher (D:\\CarParking-BackEnd\\node_modules\\bluebird\\js\\release\\util.js:16:23)\n' +
    '    at Promise._settlePromiseFromHandler (D:\\CarParking-BackEnd\\node_modules\\bluebird\\js\\release\\promise.js:547:31)\n' +
    '    at Promise._settlePromise (D:\\CarParking-BackEnd\\node_modules\\bluebird\\js\\release\\promise.js:604:18)\n' +
    '    at Promise._settlePromise0 (D:\\CarParking-BackEnd\\node_modules\\bluebird\\js\\release\\promise.js:649:10)\n' +
    '    at Promise._settlePromises (D:\\CarParking-BackEnd\\node_modules\\bluebird\\js\\release\\promise.js:729:18)\n' +
    '    at _drainQueueStep (D:\\CarParking-BackEnd\\node_modules\\bluebird\\js\\release\\async.js:93:12)\n' +
    '    at _drainQueue (D:\\CarParking-BackEnd\\node_modules\\bluebird\\js\\release\\async.js:86:9)\n' +
    '    at Async._drainQueues (D:\\CarParking-BackEnd\\node_modules\\bluebird\\js\\release\\async.js:102:5)\n' +
    '    at Immediate.Async.drainQueues [as _onImmediate] (D:\\CarParking-BackEnd\\node_modules\\bluebird\\js\\release\\async.js:15:14)\n' +
    '    at processImmediate (internal/timers.js:439:21)',
  timestamp: '2019-10-30T09:06:02.472Z'
}
{
  level: 'error',
  message: 'WHERE parameter "accountId" has invalid "undefined" valueWHERE parameter "accountId" has invalid "undefined" value',
  stack: 'Error: WHERE parameter "accountId" has invalid "undefined" value\n' +
    '    at MySQLQueryGenerator.whereItemQuery (D:\\CarParking-BackEnd\\node_modules\\sequelize\\lib\\dialects\\abstract\\query-generator.js:2184:13)\n' +
    '    at D:\\CarParking-BackEnd\\node_modules\\sequelize\\lib\\dialects\\abstract\\query-generator.js:2173:25\n' +
    '    at Array.forEach (<anonymous>)\n' +
    '    at MySQLQueryGenerator.whereItemsQuery (D:\\CarParking-BackEnd\\node_modules\\sequelize\\lib\\dialects\\abstract\\query-generator.js:2171:35)\n' +
    '    at MySQLQueryGenerator.getWhereConditions (D:\\CarParking-BackEnd\\node_modules\\sequelize\\lib\\dialects\\abstract\\query-generator.js:2583:19)\n' +
    '    at MySQLQueryGenerator.selectQuery (D:\\CarParking-BackEnd\\node_modules\\sequelize\\lib\\dialects\\abstract\\query-generator.js:1315:28)\n' +
    '    at QueryInterface.select (D:\\CarParking-BackEnd\\node_modules\\sequelize\\lib\\query-interface.js:1122:27)\n' +
    '    at D:\\CarParking-BackEnd\\node_modules\\sequelize\\lib\\model.js:1757:34\n' +
    '    at tryCatcher (D:\\CarParking-BackEnd\\node_modules\\bluebird\\js\\release\\util.js:16:23)\n' +
    '    at Promise._settlePromiseFromHandler (D:\\CarParking-BackEnd\\node_modules\\bluebird\\js\\release\\promise.js:547:31)\n' +
    '    at Promise._settlePromise (D:\\CarParking-BackEnd\\node_modules\\bluebird\\js\\release\\promise.js:604:18)\n' +
    '    at Promise._settlePromise0 (D:\\CarParking-BackEnd\\node_modules\\bluebird\\js\\release\\promise.js:649:10)\n' +
    '    at Promise._settlePromises (D:\\CarParking-BackEnd\\node_modules\\bluebird\\js\\release\\promise.js:729:18)\n' +
    '    at _drainQueueStep (D:\\CarParking-BackEnd\\node_modules\\bluebird\\js\\release\\async.js:93:12)\n' +
    '    at _drainQueue (D:\\CarParking-BackEnd\\node_modules\\bluebird\\js\\release\\async.js:86:9)\n' +
    '    at Async._drainQueues (D:\\CarParking-BackEnd\\node_modules\\bluebird\\js\\release\\async.js:102:5)\n' +
    '    at Immediate.Async.drainQueues [as _onImmediate] (D:\\CarParking-BackEnd\\node_modules\\bluebird\\js\\release\\async.js:15:14)\n' +
    '    at processImmediate (internal/timers.js:439:21)',
  timestamp: '2019-10-30T09:06:23.388Z'
}
{
  generatedMessage: false,
  code: 'ERR_ASSERTION',
  actual: undefined,
  expected: true,
  operator: '==',
  level: 'error',
  message: 'Missing where attribute in the options parameterMissing where attribute in the options parameter',
  stack: 'AssertionError [ERR_ASSERTION]: Missing where attribute in the options parameter\n' +
    '    at Function._optionsMustContainWhere (D:\\CarParking-BackEnd\\node_modules\\sequelize\\lib\\model.js:3427:5)\n' +
    '    at Function.update (D:\\CarParking-BackEnd\\node_modules\\sequelize\\lib\\model.js:3053:10)\n' +
    '    at edit_customer (D:\\CarParking-BackEnd\\controllers\\customerController.js:35:35)\n' +
    '    at newFn (D:\\CarParking-BackEnd\\node_modules\\express-async-errors\\index.js:16:20)\n' +
    '    at Layer.handle [as handle_request] (D:\\CarParking-BackEnd\\node_modules\\express\\lib\\router\\layer.js:95:5)\n' +
    '    at next (D:\\CarParking-BackEnd\\node_modules\\express\\lib\\router\\route.js:137:13)\n' +
    '    at Route.dispatch (D:\\CarParking-BackEnd\\node_modules\\express\\lib\\router\\route.js:112:3)\n' +
    '    at newFn (D:\\CarParking-BackEnd\\node_modules\\express-async-errors\\index.js:16:20)\n' +
    '    at Layer.handle [as handle_request] (D:\\CarParking-BackEnd\\node_modules\\express\\lib\\router\\layer.js:95:5)\n' +
    '    at D:\\CarParking-BackEnd\\node_modules\\express\\lib\\router\\index.js:281:22\n' +
    '    at param (D:\\CarParking-BackEnd\\node_modules\\express\\lib\\router\\index.js:354:14)\n' +
    '    at param (D:\\CarParking-BackEnd\\node_modules\\express\\lib\\router\\index.js:365:14)\n' +
    '    at Function.process_params (D:\\CarParking-BackEnd\\node_modules\\express\\lib\\router\\index.js:410:3)\n' +
    '    at next (D:\\CarParking-BackEnd\\node_modules\\express\\lib\\router\\index.js:275:10)\n' +
    '    at Function.handle (D:\\CarParking-BackEnd\\node_modules\\express\\lib\\router\\index.js:174:3)\n' +
    '    at router (D:\\CarParking-BackEnd\\node_modules\\express\\lib\\router\\index.js:47:12)\n' +
    '    at newFn (D:\\CarParking-BackEnd\\node_modules\\express-async-errors\\index.js:16:20)\n' +
    '    at Layer.handle [as handle_request] (D:\\CarParking-BackEnd\\node_modules\\express\\lib\\router\\layer.js:95:5)\n' +
    '    at trim_prefix (D:\\CarParking-BackEnd\\node_modules\\express\\lib\\router\\index.js:317:13)\n' +
    '    at D:\\CarParking-BackEnd\\node_modules\\express\\lib\\router\\index.js:284:7\n' +
    '    at Function.process_params (D:\\CarParking-BackEnd\\node_modules\\express\\lib\\router\\index.js:335:12)\n' +
    '    at next (D:\\CarParking-BackEnd\\node_modules\\express\\lib\\router\\index.js:275:10)',
  timestamp: '2019-10-30T10:00:57.666Z'
}
{
  generatedMessage: false,
  code: 'ERR_ASSERTION',
  actual: undefined,
  expected: true,
  operator: '==',
  level: 'error',
  message: 'Missing where attribute in the options parameterMissing where attribute in the options parameter',
  stack: 'AssertionError [ERR_ASSERTION]: Missing where attribute in the options parameter\n' +
    '    at Function._optionsMustContainWhere (D:\\CarParking-BackEnd\\node_modules\\sequelize\\lib\\model.js:3427:5)\n' +
    '    at Function.update (D:\\CarParking-BackEnd\\node_modules\\sequelize\\lib\\model.js:3053:10)\n' +
    '    at edit_customer (D:\\CarParking-BackEnd\\controllers\\customerController.js:35:35)\n' +
    '    at newFn (D:\\CarParking-BackEnd\\node_modules\\express-async-errors\\index.js:16:20)\n' +
    '    at Layer.handle [as handle_request] (D:\\CarParking-BackEnd\\node_modules\\express\\lib\\router\\layer.js:95:5)\n' +
    '    at next (D:\\CarParking-BackEnd\\node_modules\\express\\lib\\router\\route.js:137:13)\n' +
    '    at Route.dispatch (D:\\CarParking-BackEnd\\node_modules\\express\\lib\\router\\route.js:112:3)\n' +
    '    at newFn (D:\\CarParking-BackEnd\\node_modules\\express-async-errors\\index.js:16:20)\n' +
    '    at Layer.handle [as handle_request] (D:\\CarParking-BackEnd\\node_modules\\express\\lib\\router\\layer.js:95:5)\n' +
    '    at D:\\CarParking-BackEnd\\node_modules\\express\\lib\\router\\index.js:281:22\n' +
    '    at param (D:\\CarParking-BackEnd\\node_modules\\express\\lib\\router\\index.js:354:14)\n' +
    '    at param (D:\\CarParking-BackEnd\\node_modules\\express\\lib\\router\\index.js:365:14)\n' +
    '    at Function.process_params (D:\\CarParking-BackEnd\\node_modules\\express\\lib\\router\\index.js:410:3)\n' +
    '    at next (D:\\CarParking-BackEnd\\node_modules\\express\\lib\\router\\index.js:275:10)\n' +
    '    at Function.handle (D:\\CarParking-BackEnd\\node_modules\\express\\lib\\router\\index.js:174:3)\n' +
    '    at router (D:\\CarParking-BackEnd\\node_modules\\express\\lib\\router\\index.js:47:12)\n' +
    '    at newFn (D:\\CarParking-BackEnd\\node_modules\\express-async-errors\\index.js:16:20)\n' +
    '    at Layer.handle [as handle_request] (D:\\CarParking-BackEnd\\node_modules\\express\\lib\\router\\layer.js:95:5)\n' +
    '    at trim_prefix (D:\\CarParking-BackEnd\\node_modules\\express\\lib\\router\\index.js:317:13)\n' +
    '    at D:\\CarParking-BackEnd\\node_modules\\express\\lib\\router\\index.js:284:7\n' +
    '    at Function.process_params (D:\\CarParking-BackEnd\\node_modules\\express\\lib\\router\\index.js:335:12)\n' +
    '    at next (D:\\CarParking-BackEnd\\node_modules\\express\\lib\\router\\index.js:275:10)',
  timestamp: '2019-10-30T10:02:08.230Z'
}
